[2022-09-27 12:23:14,942] {manager.py:517} INFO - Processing files using up to 2 processes at a time 
[2022-09-27 12:23:14,955] {manager.py:518} INFO - Process each file at most once every 30 seconds
[2022-09-27 12:23:14,955] {manager.py:519} INFO - Checking for new files in /opt/airflow/dags every 300 seconds
[2022-09-27 12:23:14,955] {manager.py:704} INFO - Searching for files in /opt/airflow/dags
[2022-09-27 12:23:14,956] {manager.py:707} INFO - There are 0 files in /opt/airflow/dags
[2022-09-27 12:23:15,084] {manager.py:1106} INFO - Finding 'running' jobs without a recent heartbeat
[2022-09-27 12:23:15,086] {manager.py:1110} INFO - Failing jobs without heartbeat after 2022-09-27 12:18:15.086099+00:00
[2022-09-27 12:23:25,170] {manager.py:1106} INFO - Finding 'running' jobs without a recent heartbeat
[2022-09-27 12:23:25,171] {manager.py:1110} INFO - Failing jobs without heartbeat after 2022-09-27 12:18:25.171155+00:00
[2022-09-27 12:23:35,207] {manager.py:1106} INFO - Finding 'running' jobs without a recent heartbeat
[2022-09-27 12:23:35,207] {manager.py:1110} INFO - Failing jobs without heartbeat after 2022-09-27 12:18:35.207848+00:00
[2022-09-27 12:23:45,231] {manager.py:1106} INFO - Finding 'running' jobs without a recent heartbeat
[2022-09-27 12:23:45,232] {manager.py:1110} INFO - Failing jobs without heartbeat after 2022-09-27 12:18:45.232125+00:00
[2022-09-27 12:23:55,254] {manager.py:1106} INFO - Finding 'running' jobs without a recent heartbeat
[2022-09-27 12:23:55,254] {manager.py:1110} INFO - Failing jobs without heartbeat after 2022-09-27 12:18:55.254621+00:00
[2022-09-27 12:24:05,277] {manager.py:1106} INFO - Finding 'running' jobs without a recent heartbeat
[2022-09-27 12:24:05,278] {manager.py:1110} INFO - Failing jobs without heartbeat after 2022-09-27 12:19:05.278261+00:00
[2022-09-27 12:24:15,309] {manager.py:1106} INFO - Finding 'running' jobs without a recent heartbeat
[2022-09-27 12:24:15,309] {manager.py:1110} INFO - Failing jobs without heartbeat after 2022-09-27 12:19:15.309523+00:00
[2022-09-27 12:24:25,333] {manager.py:1106} INFO - Finding 'running' jobs without a recent heartbeat
[2022-09-27 12:24:25,333] {manager.py:1110} INFO - Failing jobs without heartbeat after 2022-09-27 12:19:25.333368+00:00
[2022-09-27 12:24:35,357] {manager.py:1106} INFO - Finding 'running' jobs without a recent heartbeat
[2022-09-27 12:24:35,358] {manager.py:1110} INFO - Failing jobs without heartbeat after 2022-09-27 12:19:35.358017+00:00
[2022-09-27 12:24:45,383] {manager.py:1106} INFO - Finding 'running' jobs without a recent heartbeat
[2022-09-27 12:24:45,384] {manager.py:1110} INFO - Failing jobs without heartbeat after 2022-09-27 12:19:45.384123+00:00
[2022-09-27 12:24:46,351] {manager.py:498} INFO - Exiting gracefully upon receiving signal 15
